trunk/demos/cuboc/cuboc-android/proguard/seeds.txt
com.aichess.bean.Cuboc
...
com.badlogic.gdx.graphics.g2d.BitmapFont$HAlignment: com.badlogic.gdx.graphics.g2d.BitmapFont$HAlignment[] values()
com.badlogic.gdx.graphics.g2d.BitmapFont$HAlignment: com.badlogic.gdx.graphics.g2d.BitmapFont$HAlignment valueOf(java.lang.String)
com.badlogic.gdx.physics.box2d.Shape$Type: com.badlogic.gdx.physics.box2d.Shape$Type[] values()
com.badlogic.gdx.physics.box2d.Shape$Type: com.badlogic.gdx.physics.box2d.Shape$Type valueOf(java.lang.String)
com.badlogic.gdx.graphics.Texture$TextureFilter: com.badlogic.gdx.graphics.Texture$TextureFilter[] values()
com.badlogic.gdx.graphics.Texture$TextureFilter: com.badlogic.gdx.graphics.Texture$TextureFilter valueOf(java.lang.String)
com.badlogic.gdx.graphics.g3d.Animator$WrapMode: com.badlogic.gdx.graphics.g3d.Animator$WrapMode[] values()
com.badlogic.gdx.graphics.g3d.Animator$WrapMode: com.badlogic.gdx.graphics.g3d.Animator$WrapMode valueOf(java.lang.String)
com.badlogic.gdx.physics.box2d.JointDef$JointType: com.badlogic.gdx.physics.box2d.JointDef$JointType[] values()
com.badlogic.gdx.physics.box2d.JointDef$JointType: com.badlogic.gdx.physics.box2d.JointDef$JointType valueOf(java.lang.String)
com.badlogic.gdx.graphics.Pixmap$Filter: com.badlogic.gdx.graphics.Pixmap$Filter[] values()
com.badlogic.gdx.graphics.Pixmap$Filter: com.badlogic.gdx.graphics.Pixmap$Filter valueOf(java.lang.String)
com.badlogic.gdx.graphics.g2d.ParticleEmitter$SpawnShape: com.badlogic.gdx.graphics.g2d.ParticleEmitter$SpawnShape[] values()
com.badlogic.gdx.graphics.g2d.ParticleEmitter$SpawnShape: com.badlogic.gdx.graphics.g2d.ParticleEmitter$SpawnShape valueOf(java.lang.String)
com.badlogic.gdx.graphics.Pixmap$Format: com.badlogic.gdx.graphics.Pixmap$Format[] values()
com.badlogic.gdx.graphics.Pixmap$Format: com.badlogic.gdx.graphics.Pixmap$Format valueOf(java.lang.String)
com.badlogic.gdx.Graphics$GraphicsType: com.badlogic.gdx.Graphics$GraphicsType[] values()
com.badlogic.gdx.Graphics$GraphicsType: com.badlogic.gdx.Graphics$GraphicsType valueOf(java.lang.String)
com.badlogic.gdx.graphics.g2d.ParticleEmitter$SpawnEllipseSide: com.badlogic.gdx.graphics.g2d.ParticleEmitter$SpawnEllipseSide[] values()
com.badlogic.gdx.graphics.g2d.ParticleEmitter$SpawnEllipseSide: com.badlogic.gdx.graphics.g2d.ParticleEmitter$SpawnEllipseSide valueOf(java.lang.String)
com.badlogic.gdx.Application$ApplicationType: com.badlogic.gdx.Application$ApplicationType[] values()
com.badlogic.gdx.Application$ApplicationType: com.badlogic.gdx.Application$ApplicationType valueOf(java.lang.String)
com.badlogic.gdx.Files$FileType: com.badlogic.gdx.Files$FileType[] values()
com.badlogic.gdx.Files$FileType: com.badlogic.gdx.Files$FileType valueOf(java.lang.String)
com.badlogic.gdx.math.Plane$PlaneSide: com.badlogic.gdx.math.Plane$PlaneSide[] values()
com.badlogic.gdx.math.Plane$PlaneSide: com.badlogic.gdx.math.Plane$PlaneSide valueOf(java.lang.String)
com.badlogic.gdx.scenes.scene2d.actors.Label$WrapType: com.badlogic.gdx.scenes.scene2d.actors.Label$WrapType[] values()
com.badlogic.gdx.scenes.scene2d.actors.Label$WrapType: com.badlogic.gdx.scenes.scene2d.actors.Label$WrapType valueOf(java.lang.String)
com.badlogic.gdx.graphics.Mesh$VertexDataType: com.badlogic.gdx.graphics.Mesh$VertexDataType[] values()
com.badlogic.gdx.graphics.Mesh$VertexDataType: com.badlogic.gdx.graphics.Mesh$VertexDataType valueOf(java.lang.String)
com.badlogic.gdx.physics.box2d.BodyDef$BodyType: com.badlogic.gdx.physics.box2d.BodyDef$BodyType[] values()
com.badlogic.gdx.physics.box2d.BodyDef$BodyType: com.badlogic.gdx.physics.box2d.BodyDef$BodyType valueOf(java.lang.String)
com.badlogic.gdx.scenes.scene2d.actors.Label$VAlignment: com.badlogic.gdx.scenes.scene2d.actors.Label$VAlignment[] values()
com.badlogic.gdx.scenes.scene2d.actors.Label$VAlignment: com.badlogic.gdx.scenes.scene2d.actors.Label$VAlignment valueOf(java.lang.String)