trunk/demos/cuboc/cuboc-android/proguard/usage.txt
com.aichess.bean.R
com.aichess.bean.R$attr
com.aichess.bean.R$drawable
com.aichess.bean.R$layout
com.aichess.bean.R$string
...
com.badlogic.gdx.math.CatmullRomSpline
com.badlogic.gdx.math.Circle
com.badlogic.gdx.math.EarClippingTriangulator
com.badlogic.gdx.math.Frustum:
    82:87:public boolean pointInFrustum(com.badlogic.gdx.math.Vector3)
    98:101:public boolean sphereInFrustum(com.badlogic.gdx.math.Vector3,float)
    112:115:public boolean sphereInFrustumWithoutNearFar(com.badlogic.gdx.math.Vector3,float)
    125:137:public boolean boundsInFrustum(com.badlogic.gdx.math.collision.BoundingBox)
com.badlogic.gdx.math.Intersector
com.badlogic.gdx.math.MathUtils:
    public static final float PI
    private static final int SIN_BITS
    private static final int SIN_MASK
    private static final int SIN_COUNT
    private static final float radFull
    private static final float degFull
    private static final float radToIndex
    private static final float degToIndex
    public static final float radiansToDegrees
    public static final float degreesToRadians
    private static final int ATAN2_BITS
    private static final int ATAN2_BITS2
    private static final int ATAN2_MASK
    private static final int ATAN2_COUNT
    private static final int BIG_ENOUGH_INT
    private static final double BIG_ENOUGH_FLOOR
    private static final double CEIL
    private static final double BIG_ENOUGH_ROUND
    56:56:public static final float sin(float)
    60:60:public static final float cos(float)
    92:111:public static final float atan2(float,float)
    126:126:public static final int random(int,int)
    130:130:public static final boolean randomBoolean()
    134:134:public static final float random()
    138:138:public static final float random(float)
    142:142:public static final float random(float,float)
    175:175:public static int floor(float)
    183:183:public static int floorPositive(float)
    191:191:public static int ceil(float)
    199:199:public static int ceilPositive(float)
    207:207:public static int round(float)
com.badlogic.gdx.math.Matrix3
com.badlogic.gdx.math.Matrix4:
    private static final long serialVersionUID
    public static final int M00
    public static final int M01
    public static final int M02
    public static final int M03
    public static final int M10
    public static final int M11
    public static final int M12
    public static final int M13
    public static final int M20
    public static final int M21
    public static final int M22
    public static final int M23
    public static final int M30
    public static final int M31
    public static final int M32
    public static final int M33
    64:66:public Matrix4(com.badlogic.gdx.math.Matrix4)
    72:74:public Matrix4(float[])
    80:82:public Matrix4(com.badlogic.gdx.math.Quaternion)
    128:154:public com.badlogic.gdx.math.Matrix4 set(com.badlogic.gdx.math.Quaternion)
    167:183:public void set(com.badlogic.gdx.math.Vector3,com.badlogic.gdx.math.Vector3,com.badlogic.gdx.math.Vector3,com.badlogic.gdx.math.Vector3)
    189:189:public com.badlogic.gdx.math.Matrix4 cpy()
    199:202:public com.badlogic.gdx.math.Matrix4 trn(com.badlogic.gdx.math.Vector3)
    214:217:public com.badlogic.gdx.math.Matrix4 trn(float,float,float)
    224:224:public float[] getValues()
    275:291:public com.badlogic.gdx.math.Matrix4 tra()
    325:384:public com.badlogic.gdx.math.Matrix4 inv()
    391:391:public float det()
    412:433:public com.badlogic.gdx.math.Matrix4 setToProjection(float,float,float,float)